 ::1 - - [25/Dec/2020:08:15:32 +0000] "GET / HTTP/1.1" 200 176170 "-" "Mozilla/5.0 (Windows NT 10.0; Win64; x64) AppleWebKit/537.36 (KHTML, like Gecko) Chrome/87.0.4280.88 Safari/537.36"
::1 - - [25/Dec/2020:08:15:32 +0000] "GET / HTTP/1.1" 304 - "http://localhost:5555/" "Mozilla/5.0 (Windows NT 10.0; Win64; x64) AppleWebKit/537.36 (KHTML, like Gecko) Chrome/87.0.4280.88 Safari/537.36"
::1 - - [25/Dec/2020:08:15:32 +0000] "GET /microservice/fc HTTP/1.1" 404 154 "http://localhost:5555/" "Mozilla/5.0 (Windows NT 10.0; Win64; x64) AppleWebKit/537.36 (KHTML, like Gecko) Chrome/87.0.4280.88 Safari/537.36"
::1 - - [25/Dec/2020:08:15:34 +0000] "GET /sw-production.js HTTP/1.1" 404 155 "http://localhost:5555/" "Mozilla/5.0 (Windows NT 10.0; Win64; x64) AppleWebKit/537.36 (KHTML, like Gecko) Chrome/87.0.4280.88 Safari/537.36"
::1 - - [25/Dec/2020:08:15:35 +0000] "GET /favicon.ico HTTP/1.1" 404 150 "http://localhost:5555/" "Mozilla/5.0 (Windows NT 10.0; Win64; x64) AppleWebKit/537.36 (KHTML, like Gecko) Chrome/87.0.4280.88 Safari/537.36"
::1 - - [25/Dec/2020:08:16:25 +0000] "GET / HTTP/1.1" 304 - "-" "Mozilla/5.0 (Windows NT 10.0; Win64; x64) AppleWebKit/537.36 (KHTML, like Gecko) Chrome/87.0.4280.88 Safari/537.36"
::1 - - [25/Dec/2020:08:16:25 +0000] "GET /microservice/fc HTTP/1.1" 404 154 "http://localhost:5555/" "Mozilla/5.0 (Windows NT 10.0; Win64; x64) AppleWebKit/537.36 (KHTML, like Gecko) Chrome/87.0.4280.88 Safari/537.36"
::1 - - [25/Dec/2020:08:16:26 +0000] "GET /sw-production.js HTTP/1.1" 404 155 "http://localhost:5555/" "Mozilla/5.0 (Windows NT 10.0; Win64; x64) AppleWebKit/537.36 (KHTML, like Gecko) Chrome/87.0.4280.88 Safari/537.36"
::1 - - [25/Dec/2020:08:16:32 +0000] "GET / HTTP/1.1" 304 - "-" "Mozilla/5.0 (Windows NT 10.0; Win64; x64) AppleWebKit/537.36 (KHTML, like Gecko) Chrome/87.0.4280.88 Safari/537.36"
::1 - - [25/Dec/2020:08:16:34 +0000] "GET /microservice/fc HTTP/1.1" 404 154 "http://localhost:5555/" "Mozilla/5.0 (Windows NT 10.0; Win64; x64) AppleWebKit/537.36 (KHTML, like Gecko) Chrome/87.0.4280.88 Safari/537.36"
::1 - - [25/Dec/2020:08:16:35 +0000] "GET /sw-production.js HTTP/1.1" 404 155 "http://localhost:5555/" "Mozilla/5.0 (Windows NT 10.0; Win64; x64) AppleWebKit/537.36 (KHTML, like Gecko) Chrome/87.0.4280.88 Safari/537.36"
::1 - - [25/Dec/2020:08:17:28 +0000] "GET / HTTP/1.1" 304 - "-" "Mozilla/5.0 (Windows NT 10.0; Win64; x64) AppleWebKit/537.36 (KHTML, like Gecko) Chrome/87.0.4280.88 Safari/537.36"
::1 - - [25/Dec/2020:08:17:29 +0000] "GET /microservice/fc HTTP/1.1" 404 154 "http://localhost:5555/" "Mozilla/5.0 (Windows NT 10.0; Win64; x64) AppleWebKit/537.36 (KHTML, like Gecko) Chrome/87.0.4280.88 Safari/537.36"
::1 - - [25/Dec/2020:08:17:29 +0000] "GET /sw-production.js HTTP/1.1" 404 155 "http://localhost:5555/" "Mozilla/5.0 (Windows NT 10.0; Win64; x64) AppleWebKit/537.36 (KHTML, like Gecko) Chrome/87.0.4280.88 Safari/537.36"
::1 - - [25/Dec/2020:08:19:13 +0000] "GET / HTTP/1.1" 304 - "-" "Mozilla/5.0 (Windows NT 10.0; Win64; x64) AppleWebKit/537.36 (KHTML, like Gecko) Chrome/87.0.4280.88 Safari/537.36"
::1 - - [25/Dec/2020:08:19:13 +0000] "GET /microservice/fc HTTP/1.1" 404 154 "http://localhost:5555/" "Mozilla/5.0 (Windows NT 10.0; Win64; x64) AppleWebKit/537.36 (KHTML, like Gecko) Chrome/87.0.4280.88 Safari/537.36"
::1 - - [25/Dec/2020:08:19:14 +0000] "GET /sw-production.js HTTP/1.1" 404 155 "http://localhost:5555/" "Mozilla/5.0 (Windows NT 10.0; Win64; x64) AppleWebKit/537.36 (KHTML, like Gecko) Chrome/87.0.4280.88 Safari/537.36"
::1 - - [25/Dec/2020:08:19:18 +0000] "GET / HTTP/1.1" 304 - "-" "Mozilla/5.0 (Windows NT 10.0; Win64; x64) AppleWebKit/537.36 (KHTML, like Gecko) Chrome/87.0.4280.88 Safari/537.36"
::1 - - [25/Dec/2020:08:19:18 +0000] "GET /microservice/fc HTTP/1.1" 404 154 "http://localhost:5555/" "Mozilla/5.0 (Windows NT 10.0; Win64; x64) AppleWebKit/537.36 (KHTML, like Gecko) Chrome/87.0.4280.88 Safari/537.36"
::1 - - [25/Dec/2020:08:19:18 +0000] "GET /sw-production.js HTTP/1.1" 404 155 "http://localhost:5555/" "Mozilla/5.0 (Windows NT 10.0; Win64; x64) AppleWebKit/537.36 (KHTML, like Gecko) Chrome/87.0.4280.88 Safari/537.36"
::1 - - [25/Dec/2020:08:19:22 +0000] "GET / HTTP/1.1" 304 - "-" "Mozilla/5.0 (Windows NT 10.0; Win64; x64) AppleWebKit/537.36 (KHTML, like Gecko) Chrome/87.0.4280.88 Safari/537.36"
::1 - - [25/Dec/2020:08:19:22 +0000] "GET /microservice/fc HTTP/1.1" 404 154 "http://localhost:5555/" "Mozilla/5.0 (Windows NT 10.0; Win64; x64) AppleWebKit/537.36 (KHTML, like Gecko) Chrome/87.0.4280.88 Safari/537.36"
::1 - - [25/Dec/2020:08:19:22 +0000] "GET /sw-production.js HTTP/1.1" 404 155 "http://localhost:5555/" "Mozilla/5.0 (Windows NT 10.0; Win64; x64) AppleWebKit/537.36 (KHTML, like Gecko) Chrome/87.0.4280.88 Safari/537.36"
::1 - - [25/Dec/2020:08:21:05 +0000] "GET / HTTP/1.1" 304 - "-" "Mozilla/5.0 (Windows NT 10.0; Win64; x64) AppleWebKit/537.36 (KHTML, like Gecko) Chrome/87.0.4280.88 Safari/537.36"
::1 - - [25/Dec/2020:08:21:06 +0000] "GET /microservice/fc HTTP/1.1" 404 154 "http://localhost:5555/" "Mozilla/5.0 (Windows NT 10.0; Win64; x64) AppleWebKit/537.36 (KHTML, like Gecko) Chrome/87.0.4280.88 Safari/537.36"
::1 - - [25/Dec/2020:08:21:06 +0000] "GET /sw-production.js HTTP/1.1" 404 155 "http://localhost:5555/" "Mozilla/5.0 (Windows NT 10.0; Win64; x64) AppleWebKit/537.36 (KHTML, like Gecko) Chrome/87.0.4280.88 Safari/537.36"
::1 - - [25/Dec/2020:08:21:09 +0000] "GET / HTTP/1.1" 304 - "-" "Mozilla/5.0 (Windows NT 10.0; Win64; x64) AppleWebKit/537.36 (KHTML, like Gecko) Chrome/87.0.4280.88 Safari/537.36"
::1 - - [25/Dec/2020:08:21:09 +0000] "GET /microservice/fc HTTP/1.1" 404 154 "http://localhost:5555/" "Mozilla/5.0 (Windows NT 10.0; Win64; x64) AppleWebKit/537.36 (KHTML, like Gecko) Chrome/87.0.4280.88 Safari/537.36"
::1 - - [25/Dec/2020:08:21:10 +0000] "GET /sw-production.js HTTP/1.1" 404 155 "http://localhost:5555/" "Mozilla/5.0 (Windows NT 10.0; Win64; x64) AppleWebKit/537.36 (KHTML, like Gecko) Chrome/87.0.4280.88 Safari/537.36"
::1 - - [25/Dec/2020:08:21:10 +0000] "GET / HTTP/1.1" 304 - "-" "Mozilla/5.0 (Windows NT 10.0; Win64; x64) AppleWebKit/537.36 (KHTML, like Gecko) Chrome/87.0.4280.88 Safari/537.36"
::1 - - [25/Dec/2020:08:21:11 +0000] "GET /microservice/fc HTTP/1.1" 404 154 "http://localhost:5555/" "Mozilla/5.0 (Windows NT 10.0; Win64; x64) AppleWebKit/537.36 (KHTML, like Gecko) Chrome/87.0.4280.88 Safari/537.36"
::1 - - [25/Dec/2020:08:21:11 +0000] "GET / HTTP/1.1" 304 - "-" "Mozilla/5.0 (Windows NT 10.0; Win64; x64) AppleWebKit/537.36 (KHTML, like Gecko) Chrome/87.0.4280.88 Safari/537.36"
::1 - - [25/Dec/2020:08:21:12 +0000] "GET /microservice/fc HTTP/1.1" 404 154 "http://localhost:5555/" "Mozilla/5.0 (Windows NT 10.0; Win64; x64) AppleWebKit/537.36 (KHTML, like Gecko) Chrome/87.0.4280.88 Safari/537.36"
::1 - - [25/Dec/2020:08:21:12 +0000] "GET /sw-production.js HTTP/1.1" 404 155 "http://localhost:5555/" "Mozilla/5.0 (Windows NT 10.0; Win64; x64) AppleWebKit/537.36 (KHTML, like Gecko) Chrome/87.0.4280.88 Safari/537.36"
::1 - - [25/Dec/2020:08:21:24 +0000] "GET / HTTP/1.1" 206 65537 "-" "ZaloPC-win32-24v403"
::1 - - [25/Dec/2020:08:28:49 +0000] "GET / HTTP/1.1" 200 176174 "-" "Mozilla/5.0 (Windows NT 10.0; Win64; x64) AppleWebKit/537.36 (KHTML, like Gecko) Chrome/87.0.4280.88 Safari/537.36"
::1 - - [25/Dec/2020:08:28:52 +0000] "GET /microservice/fc HTTP/1.1" 404 154 "http://localhost:5555/" "Mozilla/5.0 (Windows NT 10.0; Win64; x64) AppleWebKit/537.36 (KHTML, like Gecko) Chrome/87.0.4280.88 Safari/537.36"
::1 - - [25/Dec/2020:08:28:55 +0000] "GET /sw-production.js HTTP/1.1" 404 155 "http://localhost:5555/" "Mozilla/5.0 (Windows NT 10.0; Win64; x64) AppleWebKit/537.36 (KHTML, like Gecko) Chrome/87.0.4280.88 Safari/537.36"
